<?xml version="1.0" encoding="UTF-8"?>
<testng-results ignored="0" total="1" passed="1" failed="0" skipped="0">
  <reporter-output>
    <line>
      <![CDATA[- - Connect To DB - -]]>
    </line>
    <line>
      <![CDATA[- - Launch The Browser - -]]>
    </line>
    <line>
      <![CDATA[- - Log In to Application - -]]>
    </line>
    <line>
      <![CDATA[- - Log Out Application - -]]>
    </line>
    <line>
      <![CDATA[- - Dis-Connect DB - -]]>
    </line>
  </reporter-output>
  <suite started-at="2023-12-01T18:23:50 IST" name="Default suite" finished-at="2023-12-01T18:24:05 IST" duration-ms="15053">
    <groups>
    </groups>
    <test started-at="2023-12-01T18:23:50 IST" name="Default test" finished-at="2023-12-01T18:24:05 IST" duration-ms="15053">
      <class name="organizationModule.CreateOrganization">
        <test-method is-config="true" signature="bSuiteConfig()[pri:0, instance:organizationModule.CreateOrganization@72cc7e6f]" started-at="2023-12-01T18:23:50 IST" name="bSuiteConfig" finished-at="2023-12-01T18:23:50 IST" duration-ms="10" status="PASS">
          <reporter-output>
            <line>
              <![CDATA[- - Connect To DB - -]]>
            </line>
          </reporter-output>
        </test-method> <!-- bSuiteConfig -->
        <test-method is-config="true" signature="bClassConfig()[pri:0, instance:organizationModule.CreateOrganization@72cc7e6f]" started-at="2023-12-01T18:23:50 IST" name="bClassConfig" finished-at="2023-12-01T18:23:53 IST" duration-ms="2939" status="PASS">
          <reporter-output>
            <line>
              <![CDATA[- - Launch The Browser - -]]>
            </line>
          </reporter-output>
        </test-method> <!-- bClassConfig -->
        <test-method is-config="true" signature="bMethodConfig()[pri:0, instance:organizationModule.CreateOrganization@72cc7e6f]" started-at="2023-12-01T18:23:53 IST" name="bMethodConfig" finished-at="2023-12-01T18:23:59 IST" duration-ms="5817" status="PASS">
          <reporter-output>
            <line>
              <![CDATA[- - Log In to Application - -]]>
            </line>
          </reporter-output>
        </test-method> <!-- bMethodConfig -->
        <test-method signature="organization()[pri:0, instance:organizationModule.CreateOrganization@72cc7e6f]" started-at="2023-12-01T18:23:59 IST" name="organization" finished-at="2023-12-01T18:24:05 IST" duration-ms="6006" status="PASS">
          <reporter-output>
          </reporter-output>
        </test-method> <!-- organization -->
        <test-method is-config="true" signature="aMethodConfig()[pri:0, instance:organizationModule.CreateOrganization@72cc7e6f]" started-at="2023-12-01T18:24:05 IST" name="aMethodConfig" finished-at="2023-12-01T18:24:05 IST" duration-ms="241" status="FAIL">
          <exception class="org.openqa.selenium.ElementNotInteractableException">
            <message>
              <![CDATA[element not interactable: http://localhost:8888/index.php?module=Users&action=Logout has no size and location
  (Session info: chrome=119.0.6045.200)
Build info: version: '4.11.0', revision: '040bc5406b'
System info: os.name: 'Windows 11', os.arch: 'amd64', os.version: '10.0', java.version: '20.0.1'
Driver info: org.openqa.selenium.chrome.ChromeDriver
Command: [966289c289926f03a34c202226d29341, actions {actions=[org.openqa.selenium.interactions.Sequence@696b4a95]}]
Capabilities {acceptInsecureCerts: false, browserName: chrome, browserVersion: 119.0.6045.200, chrome: {chromedriverVersion: 119.0.6045.105 (38c72552c5e..., userDataDir: C:\Users\ATHARVA\AppData\Lo...}, fedcm:accounts: true, goog:chromeOptions: {debuggerAddress: localhost:59848}, networkConnectionEnabled: false, pageLoadStrategy: normal, platformName: windows, proxy: Proxy(), se:cdp: ws://localhost:59848/devtoo..., se:cdpVersion: 119.0.6045.200, setWindowRect: true, strictFileInteractability: false, timeouts: {implicit: 0, pageLoad: 300000, script: 30000}, unhandledPromptBehavior: dismiss and notify, webauthn:extension:credBlob: true, webauthn:extension:largeBlob: true, webauthn:extension:minPinLength: true, webauthn:extension:prf: true, webauthn:virtualAuthenticators: true}
Session ID: 966289c289926f03a34c202226d29341]]>
            </message>
            <full-stacktrace>
              <![CDATA[org.openqa.selenium.ElementNotInteractableException: element not interactable: http://localhost:8888/index.php?module=Users&action=Logout has no size and location
  (Session info: chrome=119.0.6045.200)
Build info: version: '4.11.0', revision: '040bc5406b'
System info: os.name: 'Windows 11', os.arch: 'amd64', os.version: '10.0', java.version: '20.0.1'
Driver info: org.openqa.selenium.chrome.ChromeDriver
Command: [966289c289926f03a34c202226d29341, actions {actions=[org.openqa.selenium.interactions.Sequence@696b4a95]}]
Capabilities {acceptInsecureCerts: false, browserName: chrome, browserVersion: 119.0.6045.200, chrome: {chromedriverVersion: 119.0.6045.105 (38c72552c5e..., userDataDir: C:\Users\ATHARVA\AppData\Lo...}, fedcm:accounts: true, goog:chromeOptions: {debuggerAddress: localhost:59848}, networkConnectionEnabled: false, pageLoadStrategy: normal, platformName: windows, proxy: Proxy(), se:cdp: ws://localhost:59848/devtoo..., se:cdpVersion: 119.0.6045.200, setWindowRect: true, strictFileInteractability: false, timeouts: {implicit: 0, pageLoad: 300000, script: 30000}, unhandledPromptBehavior: dismiss and notify, webauthn:extension:credBlob: true, webauthn:extension:largeBlob: true, webauthn:extension:minPinLength: true, webauthn:extension:prf: true, webauthn:virtualAuthenticators: true}
Session ID: 966289c289926f03a34c202226d29341
at java.base/jdk.internal.reflect.DirectConstructorHandleAccessor.newInstance(DirectConstructorHandleAccessor.java:67)
at java.base/java.lang.reflect.Constructor.newInstanceWithCaller(Constructor.java:500)
at java.base/java.lang.reflect.Constructor.newInstance(Constructor.java:484)
at org.openqa.selenium.remote.codec.w3c.W3CHttpResponseCodec.createException(W3CHttpResponseCodec.java:200)
at org.openqa.selenium.remote.codec.w3c.W3CHttpResponseCodec.decode(W3CHttpResponseCodec.java:133)
at org.openqa.selenium.remote.codec.w3c.W3CHttpResponseCodec.decode(W3CHttpResponseCodec.java:52)
at org.openqa.selenium.remote.HttpCommandExecutor.execute(HttpCommandExecutor.java:191)
at org.openqa.selenium.remote.service.DriverCommandExecutor.invokeExecute(DriverCommandExecutor.java:196)
at org.openqa.selenium.remote.service.DriverCommandExecutor.execute(DriverCommandExecutor.java:171)
at org.openqa.selenium.remote.RemoteWebDriver.execute(RemoteWebDriver.java:518)
at org.openqa.selenium.remote.RemoteWebDriver.perform(RemoteWebDriver.java:604)
at org.openqa.selenium.interactions.Actions$BuiltAction.perform(Actions.java:605)
at org.openqa.selenium.interactions.Actions.perform(Actions.java:574)
at commonUtils.WebDriverUtils.click(WebDriverUtils.java:53)
at commonUtils.BaseClass2.aMethodConfig(BaseClass2.java:87)
at java.base/jdk.internal.reflect.DirectMethodHandleAccessor.invoke(DirectMethodHandleAccessor.java:104)
at java.base/java.lang.reflect.Method.invoke(Method.java:578)
at org.testng.internal.invokers.MethodInvocationHelper.invokeMethod(MethodInvocationHelper.java:139)
at org.testng.internal.invokers.MethodInvocationHelper.invokeMethodConsideringTimeout(MethodInvocationHelper.java:69)
at org.testng.internal.invokers.ConfigInvoker.invokeConfigurationMethod(ConfigInvoker.java:390)
at org.testng.internal.invokers.ConfigInvoker.invokeConfigurations(ConfigInvoker.java:325)
at org.testng.internal.invokers.TestInvoker.runConfigMethods(TestInvoker.java:810)
at org.testng.internal.invokers.TestInvoker.runAfterConfigurations(TestInvoker.java:779)
at org.testng.internal.invokers.TestInvoker.invokeMethod(TestInvoker.java:755)
at org.testng.internal.invokers.TestInvoker.invokeTestMethod(TestInvoker.java:227)
at org.testng.internal.invokers.MethodRunner.runInSequence(MethodRunner.java:50)
at org.testng.internal.invokers.TestInvoker$MethodInvocationAgent.invoke(TestInvoker.java:957)
at org.testng.internal.invokers.TestInvoker.invokeTestMethods(TestInvoker.java:200)
at org.testng.internal.invokers.TestMethodWorker.invokeTestMethods(TestMethodWorker.java:148)
at org.testng.internal.invokers.TestMethodWorker.run(TestMethodWorker.java:128)
at java.base/java.util.ArrayList.forEach(ArrayList.java:1511)
at org.testng.TestRunner.privateRun(TestRunner.java:848)
at org.testng.TestRunner.run(TestRunner.java:621)
at org.testng.SuiteRunner.runTest(SuiteRunner.java:443)
at org.testng.SuiteRunner.runSequentially(SuiteRunner.java:437)
at org.testng.SuiteRunner.privateRun(SuiteRunner.java:397)
at org.testng.SuiteRunner.run(SuiteRunner.java:336)
at org.testng.SuiteRunnerWorker.runSuite(SuiteRunnerWorker.java:52)
at org.testng.SuiteRunnerWorker.run(SuiteRunnerWorker.java:95)
at org.testng.TestNG.runSuitesSequentially(TestNG.java:1280)
at org.testng.TestNG.runSuitesLocally(TestNG.java:1200)
at org.testng.TestNG.runSuites(TestNG.java:1114)
at org.testng.TestNG.run(TestNG.java:1082)
at org.testng.remote.AbstractRemoteTestNG.run(AbstractRemoteTestNG.java:115)
at org.testng.remote.RemoteTestNG.initAndRun(RemoteTestNG.java:251)
at org.testng.remote.RemoteTestNG.main(RemoteTestNG.java:77)
]]>
            </full-stacktrace>
          </exception> <!-- org.openqa.selenium.ElementNotInteractableException -->
          <reporter-output>
            <line>
              <![CDATA[- - Log Out Application - -]]>
            </line>
          </reporter-output>
        </test-method> <!-- aMethodConfig -->
        <test-method is-config="true" signature="aClassConfig()[pri:0, instance:organizationModule.CreateOrganization@72cc7e6f]" started-at="2023-12-01T18:24:05 IST" name="aClassConfig" finished-at="2023-12-01T18:24:05 IST" duration-ms="0" status="SKIP">
          <reporter-output>
          </reporter-output>
        </test-method> <!-- aClassConfig -->
        <test-method is-config="true" signature="aSuiteConfig()[pri:0, instance:organizationModule.CreateOrganization@72cc7e6f]" started-at="2023-12-01T18:24:05 IST" name="aSuiteConfig" finished-at="2023-12-01T18:24:05 IST" duration-ms="0" status="PASS">
          <reporter-output>
            <line>
              <![CDATA[- - Dis-Connect DB - -]]>
            </line>
          </reporter-output>
        </test-method> <!-- aSuiteConfig -->
      </class> <!-- organizationModule.CreateOrganization -->
    </test> <!-- Default test -->
  </suite> <!-- Default suite -->
</testng-results>
